Using pre-set license
Built from '2021.1/staging' branch; Version is '2021.1.3f1 (4bef613afd59) revision 4976481'; Using compiler version '192528614'; Build Type 'Release'
OS: 'Windows 10 Home; OS build 19041.867; Version 2004; 64bit' Language: 'en' Physical Memory: 32679 MB
BatchMode: 1, IsHumanControllingUs: 0, StartBugReporterOnCrash: 0, Is64bit: 1, IsPro: 0

 COMMAND LINE ARGUMENTS:
D:\UnityProjects\2021.1.3f1\Editor\Unity.exe
-adb2
-batchMode
-noUpm
-name
AssetImportWorker0
-projectPath
C:/Users/dasec/TetrisWordCombo
-logFile
Logs/AssetImportWorker0.log
-srvPort
58804
Successfully changed project path to: C:/Users/dasec/TetrisWordCombo
C:/Users/dasec/TetrisWordCombo
Using Asset Import Pipeline V2.
Refreshing native plugins compatible for Editor in 37.39 ms, found 1 plugins.
Preloading 0 native plugins for Editor in 0.00 ms.
Initialize engine version: 2021.1.3f1 (4bef613afd59)
[Subsystems] Discovering subsystems at path D:/UnityProjects/2021.1.3f1/Editor/Data/Resources/UnitySubsystems
[Subsystems] Discovering subsystems at path C:/Users/dasec/TetrisWordCombo/Assets
GfxDevice: creating device client; threaded=0; jobified=0
Direct3D:
    Version:  Direct3D 11.0 [level 11.1]
    Renderer: NVIDIA GeForce RTX 2070 SUPER (ID=0x1e84)
    Vendor:   NVIDIA
    VRAM:     8011 MB
    Driver:   27.21.14.6589
Initialize mono
Mono path[0] = 'D:/UnityProjects/2021.1.3f1/Editor/Data/Managed'
Mono path[1] = 'D:/UnityProjects/2021.1.3f1/Editor/Data/MonoBleedingEdge/lib/mono/unityjit'
Mono config path = 'D:/UnityProjects/2021.1.3f1/Editor/Data/MonoBleedingEdge/etc'
Using monoOptions --debugger-agent=transport=dt_socket,embedding=1,server=y,suspend=n,address=127.0.0.1:56348
Begin MonoManager ReloadAssembly
Registering precompiled unity dll's ...
Register platform support module: D:/UnityProjects/2021.1.3f1/Editor/Data/PlaybackEngines/WindowsStandaloneSupport/UnityEditor.WindowsStandalone.Extensions.dll
Registered in 0.000841 seconds.
Native extension for WindowsStandalone target not found
Refreshing native plugins compatible for Editor in 38.52 ms, found 1 plugins.
Preloading 0 native plugins for Editor in 0.00 ms.
Mono: successfully reloaded assembly
- Completed reload, in  1.003 seconds
Platform modules already initialized, skipping
Registering precompiled user dll's ...
Registered in 0.002601 seconds.
Begin MonoManager ReloadAssembly
Native extension for WindowsStandalone target not found
Refreshing native plugins compatible for Editor in 38.37 ms, found 1 plugins.
Preloading 0 native plugins for Editor in 0.00 ms.
Mono: successfully reloaded assembly
- Completed reload, in  0.816 seconds
Platform modules already initialized, skipping
========================================================================
Worker process is ready to serve import requests
Launched and connected shader compiler UnityShaderCompiler.exe after 0.03 seconds
Refreshing native plugins compatible for Editor in 0.43 ms, found 1 plugins.
Preloading 0 native plugins for Editor in 0.00 ms.
Unloading 1860 Unused Serialized files (Serialized files now loaded: 0)
System memory in use before: 88.4 MB.
System memory in use after: 88.5 MB.

Unloading 24 unused Assets to reduce memory usage. Loaded Objects now: 2321.
Total: 2.214400 ms (FindLiveObjects: 0.231700 ms CreateObjectMapping: 0.043700 ms MarkObjects: 1.880600 ms  DeleteObjects: 0.057400 ms)

========================================================================
Received Import Request.
  path: Assets/Scenes/GameScene.unity
  artifactKey: Guid(2cda990e2423bbf4892e6590ba056729) Importer(815301076,1909f56bfc062723c751e8b465ee728b)
Start importing Assets/Scenes/GameScene.unity using Guid(2cda990e2423bbf4892e6590ba056729) Importer(815301076,1909f56bfc062723c751e8b465ee728b)  -> (artifact id: 'a75a163b28d634c94ebf2e193d8b77aa') in 0.014265 seconds 
========================================================================
Received Prepare
Refreshing native plugins compatible for Editor in 2.15 ms, found 1 plugins.
Preloading 0 native plugins for Editor in 0.00 ms.
Unloading 10 Unused Serialized files (Serialized files now loaded: 0)
System memory in use before: 51.1 MB.
System memory in use after: 51.2 MB.

Unloading 10 unused Assets to reduce memory usage. Loaded Objects now: 2321.
Total: 2.435100 ms (FindLiveObjects: 0.202700 ms CreateObjectMapping: 0.047400 ms MarkObjects: 2.169300 ms  DeleteObjects: 0.014600 ms)

========================================================================
Received Prepare
Registering precompiled user dll's ...
Registered in 0.002133 seconds.
Begin MonoManager ReloadAssembly
Native extension for WindowsStandalone target not found
Refreshing native plugins compatible for Editor in 0.44 ms, found 1 plugins.
Preloading 0 native plugins for Editor in 0.00 ms.
Mono: successfully reloaded assembly
- Completed reload, in  0.727 seconds
Platform modules already initialized, skipping
Refreshing native plugins compatible for Editor in 0.43 ms, found 1 plugins.
Preloading 0 native plugins for Editor in 0.00 ms.
Unloading 1850 Unused Serialized files (Serialized files now loaded: 0)
System memory in use before: 87.9 MB.
System memory in use after: 88.0 MB.

Unloading 13 unused Assets to reduce memory usage. Loaded Objects now: 2324.
Total: 1.935200 ms (FindLiveObjects: 0.174900 ms CreateObjectMapping: 0.106700 ms MarkObjects: 1.637900 ms  DeleteObjects: 0.014700 ms)

========================================================================
Received Prepare
Registering precompiled user dll's ...
Registered in 0.002155 seconds.
Begin MonoManager ReloadAssembly
Native extension for WindowsStandalone target not found
Refreshing native plugins compatible for Editor in 0.44 ms, found 1 plugins.
Preloading 0 native plugins for Editor in 0.00 ms.
Mono: successfully reloaded assembly
- Completed reload, in  0.757 seconds
Platform modules already initialized, skipping
Refreshing native plugins compatible for Editor in 0.56 ms, found 1 plugins.
Preloading 0 native plugins for Editor in 0.00 ms.
Unloading 1850 Unused Serialized files (Serialized files now loaded: 0)
System memory in use before: 87.9 MB.
System memory in use after: 88.0 MB.

Unloading 13 unused Assets to reduce memory usage. Loaded Objects now: 2327.
Total: 2.076200 ms (FindLiveObjects: 0.190600 ms CreateObjectMapping: 0.041500 ms MarkObjects: 1.827400 ms  DeleteObjects: 0.015800 ms)

========================================================================
Received Prepare
Registering precompiled user dll's ...
Registered in 0.002148 seconds.
Begin MonoManager ReloadAssembly
Native extension for WindowsStandalone target not found
Refreshing native plugins compatible for Editor in 0.55 ms, found 1 plugins.
Preloading 0 native plugins for Editor in 0.00 ms.
Mono: successfully reloaded assembly
- Completed reload, in  0.736 seconds
Platform modules already initialized, skipping
Refreshing native plugins compatible for Editor in 0.36 ms, found 1 plugins.
Preloading 0 native plugins for Editor in 0.00 ms.
Unloading 1850 Unused Serialized files (Serialized files now loaded: 0)
System memory in use before: 87.9 MB.
System memory in use after: 88.0 MB.

Unloading 13 unused Assets to reduce memory usage. Loaded Objects now: 2330.
Total: 1.994700 ms (FindLiveObjects: 0.194500 ms CreateObjectMapping: 0.046000 ms MarkObjects: 1.734800 ms  DeleteObjects: 0.018600 ms)

========================================================================
Received Prepare
Registering precompiled user dll's ...
Registered in 0.002317 seconds.
Begin MonoManager ReloadAssembly
Native extension for WindowsStandalone target not found
Refreshing native plugins compatible for Editor in 0.44 ms, found 1 plugins.
Preloading 0 native plugins for Editor in 0.00 ms.
Mono: successfully reloaded assembly
- Completed reload, in  0.730 seconds
Platform modules already initialized, skipping
Refreshing native plugins compatible for Editor in 0.34 ms, found 1 plugins.
Preloading 0 native plugins for Editor in 0.00 ms.
Unloading 1850 Unused Serialized files (Serialized files now loaded: 0)
System memory in use before: 87.9 MB.
System memory in use after: 88.0 MB.

Unloading 13 unused Assets to reduce memory usage. Loaded Objects now: 2333.
Total: 2.057100 ms (FindLiveObjects: 0.191300 ms CreateObjectMapping: 0.041400 ms MarkObjects: 1.802100 ms  DeleteObjects: 0.021100 ms)

========================================================================
Received Prepare
Registering precompiled user dll's ...
Registered in 0.002190 seconds.
Begin MonoManager ReloadAssembly
Native extension for WindowsStandalone target not found
Refreshing native plugins compatible for Editor in 0.45 ms, found 1 plugins.
Preloading 0 native plugins for Editor in 0.00 ms.
Mono: successfully reloaded assembly
- Completed reload, in  0.748 seconds
Platform modules already initialized, skipping
Refreshing native plugins compatible for Editor in 0.54 ms, found 1 plugins.
Preloading 0 native plugins for Editor in 0.00 ms.
Unloading 1850 Unused Serialized files (Serialized files now loaded: 0)
System memory in use before: 88.0 MB.
System memory in use after: 88.1 MB.

Unloading 13 unused Assets to reduce memory usage. Loaded Objects now: 2336.
Total: 2.118100 ms (FindLiveObjects: 0.190100 ms CreateObjectMapping: 0.044400 ms MarkObjects: 1.863100 ms  DeleteObjects: 0.019200 ms)

========================================================================
Received Prepare
Refreshing native plugins compatible for Editor in 1.99 ms, found 1 plugins.
Preloading 0 native plugins for Editor in 0.00 ms.
Unloading 10 Unused Serialized files (Serialized files now loaded: 0)
System memory in use before: 51.4 MB.
System memory in use after: 51.5 MB.

Unloading 10 unused Assets to reduce memory usage. Loaded Objects now: 2336.
Total: 2.082600 ms (FindLiveObjects: 0.211800 ms CreateObjectMapping: 0.045900 ms MarkObjects: 1.808200 ms  DeleteObjects: 0.015800 ms)

========================================================================
Received Prepare
Refreshing native plugins compatible for Editor in 2.03 ms, found 1 plugins.
Preloading 0 native plugins for Editor in 0.00 ms.
Unloading 10 Unused Serialized files (Serialized files now loaded: 0)
System memory in use before: 51.5 MB.
System memory in use after: 51.6 MB.

Unloading 10 unused Assets to reduce memory usage. Loaded Objects now: 2336.
Total: 2.060600 ms (FindLiveObjects: 0.205600 ms CreateObjectMapping: 0.039700 ms MarkObjects: 1.797000 ms  DeleteObjects: 0.017200 ms)

========================================================================
Received Import Request.
  Time since last request: 487.706642 seconds.
  path: Assets/Scenes/GameScene.unity
  artifactKey: Guid(2cda990e2423bbf4892e6590ba056729) Importer(815301076,1909f56bfc062723c751e8b465ee728b)
Start importing Assets/Scenes/GameScene.unity using Guid(2cda990e2423bbf4892e6590ba056729) Importer(815301076,1909f56bfc062723c751e8b465ee728b)  -> (artifact id: '1ae98ad9c8f2583718f465ee5287a29b') in 0.009516 seconds 
========================================================================
Received Prepare
Refreshing native plugins compatible for Editor in 1.98 ms, found 1 plugins.
Preloading 0 native plugins for Editor in 0.00 ms.
Unloading 10 Unused Serialized files (Serialized files now loaded: 0)
System memory in use before: 51.5 MB.
System memory in use after: 51.6 MB.

Unloading 10 unused Assets to reduce memory usage. Loaded Objects now: 2336.
Total: 2.457200 ms (FindLiveObjects: 0.266100 ms CreateObjectMapping: 0.039800 ms MarkObjects: 2.132800 ms  DeleteObjects: 0.017300 ms)

========================================================================
Received Prepare
Refreshing native plugins compatible for Editor in 2.48 ms, found 1 plugins.
Preloading 0 native plugins for Editor in 0.00 ms.
Unloading 10 Unused Serialized files (Serialized files now loaded: 0)
System memory in use before: 51.5 MB.
System memory in use after: 51.6 MB.

Unloading 10 unused Assets to reduce memory usage. Loaded Objects now: 2336.
Total: 2.354700 ms (FindLiveObjects: 0.208500 ms CreateObjectMapping: 0.050400 ms MarkObjects: 2.080200 ms  DeleteObjects: 0.014700 ms)

========================================================================
Received Prepare
Registering precompiled user dll's ...
Registered in 0.002147 seconds.
Begin MonoManager ReloadAssembly
Native extension for WindowsStandalone target not found
Refreshing native plugins compatible for Editor in 0.45 ms, found 1 plugins.
Preloading 0 native plugins for Editor in 0.00 ms.
Mono: successfully reloaded assembly
- Completed reload, in  0.713 seconds
Platform modules already initialized, skipping
Refreshing native plugins compatible for Editor in 0.40 ms, found 1 plugins.
Preloading 0 native plugins for Editor in 0.00 ms.
Unloading 1850 Unused Serialized files (Serialized files now loaded: 0)
System memory in use before: 88.0 MB.
System memory in use after: 88.2 MB.

Unloading 13 unused Assets to reduce memory usage. Loaded Objects now: 2339.
Total: 2.062500 ms (FindLiveObjects: 0.180800 ms CreateObjectMapping: 0.041400 ms MarkObjects: 1.821700 ms  DeleteObjects: 0.017700 ms)

========================================================================
Received Prepare
Registering precompiled user dll's ...
Registered in 0.002288 seconds.
Begin MonoManager ReloadAssembly
Native extension for WindowsStandalone target not found
Refreshing native plugins compatible for Editor in 0.51 ms, found 1 plugins.
Preloading 0 native plugins for Editor in 0.00 ms.
Mono: successfully reloaded assembly
- Completed reload, in  0.823 seconds
Platform modules already initialized, skipping
Refreshing native plugins compatible for Editor in 0.42 ms, found 1 plugins.
Preloading 0 native plugins for Editor in 0.00 ms.
Unloading 1850 Unused Serialized files (Serialized files now loaded: 0)
System memory in use before: 88.1 MB.
System memory in use after: 88.2 MB.

Unloading 13 unused Assets to reduce memory usage. Loaded Objects now: 2342.
Total: 2.253100 ms (FindLiveObjects: 0.216700 ms CreateObjectMapping: 0.060000 ms MarkObjects: 1.957400 ms  DeleteObjects: 0.017000 ms)

========================================================================
Received Prepare
Refreshing native plugins compatible for Editor in 2.28 ms, found 1 plugins.
Preloading 0 native plugins for Editor in 0.00 ms.
Unloading 10 Unused Serialized files (Serialized files now loaded: 0)
System memory in use before: 51.5 MB.
System memory in use after: 51.6 MB.

Unloading 10 unused Assets to reduce memory usage. Loaded Objects now: 2342.
Total: 2.066400 ms (FindLiveObjects: 0.179900 ms CreateObjectMapping: 0.040700 ms MarkObjects: 1.830500 ms  DeleteObjects: 0.014100 ms)

========================================================================
Received Prepare
Refreshing native plugins compatible for Editor in 2.04 ms, found 1 plugins.
Preloading 0 native plugins for Editor in 0.00 ms.
Unloading 10 Unused Serialized files (Serialized files now loaded: 0)
System memory in use before: 51.5 MB.
System memory in use after: 51.6 MB.

Unloading 10 unused Assets to reduce memory usage. Loaded Objects now: 2342.
Total: 2.415800 ms (FindLiveObjects: 0.218300 ms CreateObjectMapping: 0.039300 ms MarkObjects: 2.139200 ms  DeleteObjects: 0.017600 ms)

========================================================================
Received Import Request.
  Time since last request: 350.519439 seconds.
  path: Assets/Scenes/GameScene.unity
  artifactKey: Guid(2cda990e2423bbf4892e6590ba056729) Importer(815301076,1909f56bfc062723c751e8b465ee728b)
Start importing Assets/Scenes/GameScene.unity using Guid(2cda990e2423bbf4892e6590ba056729) Importer(815301076,1909f56bfc062723c751e8b465ee728b)  -> (artifact id: 'c8fa5acde6838dc5f9f3fa58549b09ef') in 0.008400 seconds 
========================================================================
Received Prepare
Refreshing native plugins compatible for Editor in 2.01 ms, found 1 plugins.
Preloading 0 native plugins for Editor in 0.00 ms.
Unloading 10 Unused Serialized files (Serialized files now loaded: 0)
System memory in use before: 51.5 MB.
System memory in use after: 51.6 MB.

Unloading 10 unused Assets to reduce memory usage. Loaded Objects now: 2342.
Total: 2.439800 ms (FindLiveObjects: 0.173800 ms CreateObjectMapping: 0.039200 ms MarkObjects: 2.209800 ms  DeleteObjects: 0.015700 ms)

========================================================================
Received Import Request.
  Time since last request: 87.395653 seconds.
  path: Assets/MainMenuScripts/SettingsScript.cs
  artifactKey: Guid(8001db674560ca14d9f51d7cafbd1489) Importer(815301076,1909f56bfc062723c751e8b465ee728b)
Start importing Assets/MainMenuScripts/SettingsScript.cs using Guid(8001db674560ca14d9f51d7cafbd1489) Importer(815301076,1909f56bfc062723c751e8b465ee728b)  -> (artifact id: '9cdb56cec07bb86da6b65deb95e4bfd6') in 0.030825 seconds 
========================================================================
Received Prepare
Registering precompiled user dll's ...
Registered in 0.002068 seconds.
Begin MonoManager ReloadAssembly
Native extension for WindowsStandalone target not found
Refreshing native plugins compatible for Editor in 0.44 ms, found 1 plugins.
Preloading 0 native plugins for Editor in 0.00 ms.
Mono: successfully reloaded assembly
- Completed reload, in  0.702 seconds
Platform modules already initialized, skipping
Refreshing native plugins compatible for Editor in 0.41 ms, found 1 plugins.
Preloading 0 native plugins for Editor in 0.00 ms.
Unloading 1850 Unused Serialized files (Serialized files now loaded: 0)
System memory in use before: 88.1 MB.
System memory in use after: 88.2 MB.

Unloading 13 unused Assets to reduce memory usage. Loaded Objects now: 2345.
Total: 2.087700 ms (FindLiveObjects: 0.200500 ms CreateObjectMapping: 0.043900 ms MarkObjects: 1.829700 ms  DeleteObjects: 0.012400 ms)

========================================================================
Received Prepare
Refreshing native plugins compatible for Editor in 2.11 ms, found 1 plugins.
Preloading 0 native plugins for Editor in 0.00 ms.
Unloading 10 Unused Serialized files (Serialized files now loaded: 0)
System memory in use before: 51.5 MB.
System memory in use after: 51.7 MB.

Unloading 10 unused Assets to reduce memory usage. Loaded Objects now: 2345.
Total: 2.235300 ms (FindLiveObjects: 0.180200 ms CreateObjectMapping: 0.040400 ms MarkObjects: 1.996400 ms  DeleteObjects: 0.016600 ms)

========================================================================
Received Prepare
Registering precompiled user dll's ...
Registered in 0.002314 seconds.
Begin MonoManager ReloadAssembly
Native extension for WindowsStandalone target not found
Refreshing native plugins compatible for Editor in 0.44 ms, found 1 plugins.
Preloading 0 native plugins for Editor in 0.00 ms.
Mono: successfully reloaded assembly
- Completed reload, in  0.710 seconds
Platform modules already initialized, skipping
Refreshing native plugins compatible for Editor in 0.46 ms, found 1 plugins.
Preloading 0 native plugins for Editor in 0.00 ms.
Unloading 1850 Unused Serialized files (Serialized files now loaded: 0)
System memory in use before: 88.1 MB.
System memory in use after: 88.2 MB.

Unloading 13 unused Assets to reduce memory usage. Loaded Objects now: 2348.
Total: 2.199400 ms (FindLiveObjects: 0.181000 ms CreateObjectMapping: 0.038200 ms MarkObjects: 1.963100 ms  DeleteObjects: 0.015800 ms)

========================================================================
Received Prepare
Refreshing native plugins compatible for Editor in 2.78 ms, found 1 plugins.
Preloading 0 native plugins for Editor in 0.00 ms.
Unloading 10 Unused Serialized files (Serialized files now loaded: 0)
System memory in use before: 51.5 MB.
System memory in use after: 51.7 MB.

Unloading 10 unused Assets to reduce memory usage. Loaded Objects now: 2348.
Total: 2.195700 ms (FindLiveObjects: 0.233000 ms CreateObjectMapping: 0.050300 ms MarkObjects: 1.899400 ms  DeleteObjects: 0.011500 ms)

========================================================================
Received Prepare
Registering precompiled user dll's ...
Registered in 0.002216 seconds.
Begin MonoManager ReloadAssembly
Native extension for WindowsStandalone target not found
Refreshing native plugins compatible for Editor in 0.45 ms, found 1 plugins.
Preloading 0 native plugins for Editor in 0.00 ms.
Mono: successfully reloaded assembly
- Completed reload, in  0.731 seconds
Platform modules already initialized, skipping
Refreshing native plugins compatible for Editor in 0.43 ms, found 1 plugins.
Preloading 0 native plugins for Editor in 0.00 ms.
Unloading 1850 Unused Serialized files (Serialized files now loaded: 0)
System memory in use before: 88.1 MB.
System memory in use after: 88.2 MB.

Unloading 13 unused Assets to reduce memory usage. Loaded Objects now: 2351.
Total: 2.092000 ms (FindLiveObjects: 0.182600 ms CreateObjectMapping: 0.040700 ms MarkObjects: 1.849000 ms  DeleteObjects: 0.018700 ms)

========================================================================
Received Prepare
Refreshing native plugins compatible for Editor in 2.18 ms, found 1 plugins.
Preloading 0 native plugins for Editor in 0.00 ms.
Unloading 10 Unused Serialized files (Serialized files now loaded: 0)
System memory in use before: 51.5 MB.
System memory in use after: 51.7 MB.

Unloading 10 unused Assets to reduce memory usage. Loaded Objects now: 2351.
Total: 2.128600 ms (FindLiveObjects: 0.169000 ms CreateObjectMapping: 0.041800 ms MarkObjects: 1.900600 ms  DeleteObjects: 0.016200 ms)

========================================================================
Received Import Request.
  Time since last request: 644.025147 seconds.
  path: Assets/MainMenuScripts/MainMenuButtons.cs
  artifactKey: Guid(61988a18da90a3b419b9fc989e593495) Importer(815301076,1909f56bfc062723c751e8b465ee728b)
Start importing Assets/MainMenuScripts/MainMenuButtons.cs using Guid(61988a18da90a3b419b9fc989e593495) Importer(815301076,1909f56bfc062723c751e8b465ee728b)  -> (artifact id: '00fee465b53f4e6d5f325427c63df2c7') in 0.008285 seconds 
========================================================================
Received Prepare
Registering precompiled user dll's ...
Registered in 0.002384 seconds.
Begin MonoManager ReloadAssembly
Native extension for WindowsStandalone target not found
Refreshing native plugins compatible for Editor in 0.44 ms, found 1 plugins.
Preloading 0 native plugins for Editor in 0.00 ms.
Mono: successfully reloaded assembly
- Completed reload, in  0.740 seconds
Platform modules already initialized, skipping
Refreshing native plugins compatible for Editor in 0.43 ms, found 1 plugins.
Preloading 0 native plugins for Editor in 0.00 ms.
Unloading 1850 Unused Serialized files (Serialized files now loaded: 0)
System memory in use before: 88.1 MB.
System memory in use after: 88.2 MB.

Unloading 13 unused Assets to reduce memory usage. Loaded Objects now: 2354.
Total: 2.571100 ms (FindLiveObjects: 0.179500 ms CreateObjectMapping: 0.041200 ms MarkObjects: 2.332100 ms  DeleteObjects: 0.016900 ms)

========================================================================
Received Import Request.
  Time since last request: 13.533617 seconds.
  path: Assets/MainMenuScripts/MainMenuButtons.cs
  artifactKey: Guid(61988a18da90a3b419b9fc989e593495) Importer(815301076,1909f56bfc062723c751e8b465ee728b)
Start importing Assets/MainMenuScripts/MainMenuButtons.cs using Guid(61988a18da90a3b419b9fc989e593495) Importer(815301076,1909f56bfc062723c751e8b465ee728b)  -> (artifact id: 'cba5bb6624fa04ea02f7766e2f25c780') in 0.004392 seconds 
========================================================================
Received Prepare
Refreshing native plugins compatible for Editor in 2.10 ms, found 1 plugins.
Preloading 0 native plugins for Editor in 0.00 ms.
Unloading 10 Unused Serialized files (Serialized files now loaded: 0)
System memory in use before: 51.6 MB.
System memory in use after: 51.7 MB.

Unloading 10 unused Assets to reduce memory usage. Loaded Objects now: 2354.
Total: 2.123600 ms (FindLiveObjects: 0.164700 ms CreateObjectMapping: 0.039800 ms MarkObjects: 1.902300 ms  DeleteObjects: 0.015900 ms)

========================================================================
Received Prepare
Registering precompiled user dll's ...
Registered in 0.002133 seconds.
Begin MonoManager ReloadAssembly
Native extension for WindowsStandalone target not found
Refreshing native plugins compatible for Editor in 0.48 ms, found 1 plugins.
Preloading 0 native plugins for Editor in 0.00 ms.
Mono: successfully reloaded assembly
- Completed reload, in  0.728 seconds
Platform modules already initialized, skipping
Refreshing native plugins compatible for Editor in 0.43 ms, found 1 plugins.
Preloading 0 native plugins for Editor in 0.00 ms.
Unloading 1850 Unused Serialized files (Serialized files now loaded: 0)
System memory in use before: 88.1 MB.
System memory in use after: 88.2 MB.

Unloading 13 unused Assets to reduce memory usage. Loaded Objects now: 2357.
Total: 1.991700 ms (FindLiveObjects: 0.183100 ms CreateObjectMapping: 0.043300 ms MarkObjects: 1.746800 ms  DeleteObjects: 0.017600 ms)

========================================================================
Received Prepare
Refreshing native plugins compatible for Editor in 1.92 ms, found 1 plugins.
Preloading 0 native plugins for Editor in 0.00 ms.
Unloading 10 Unused Serialized files (Serialized files now loaded: 0)
System memory in use before: 51.6 MB.
System memory in use after: 51.7 MB.

Unloading 10 unused Assets to reduce memory usage. Loaded Objects now: 2357.
Total: 2.208100 ms (FindLiveObjects: 0.211700 ms CreateObjectMapping: 0.045300 ms MarkObjects: 1.934200 ms  DeleteObjects: 0.015900 ms)

========================================================================
Received Prepare
Registering precompiled user dll's ...
Registered in 0.002531 seconds.
Begin MonoManager ReloadAssembly
Native extension for WindowsStandalone target not found
Refreshing native plugins compatible for Editor in 0.46 ms, found 1 plugins.
Preloading 0 native plugins for Editor in 0.00 ms.
Mono: successfully reloaded assembly
- Completed reload, in  0.727 seconds
Platform modules already initialized, skipping
Refreshing native plugins compatible for Editor in 0.42 ms, found 1 plugins.
Preloading 0 native plugins for Editor in 0.00 ms.
Unloading 1850 Unused Serialized files (Serialized files now loaded: 0)
System memory in use before: 88.1 MB.
System memory in use after: 88.2 MB.

Unloading 13 unused Assets to reduce memory usage. Loaded Objects now: 2360.
Total: 2.167800 ms (FindLiveObjects: 0.187100 ms CreateObjectMapping: 0.045100 ms MarkObjects: 1.916400 ms  DeleteObjects: 0.018200 ms)

========================================================================
Received Prepare
Refreshing native plugins compatible for Editor in 2.13 ms, found 1 plugins.
Preloading 0 native plugins for Editor in 0.00 ms.
Unloading 10 Unused Serialized files (Serialized files now loaded: 0)
System memory in use before: 51.6 MB.
System memory in use after: 51.7 MB.

Unloading 10 unused Assets to reduce memory usage. Loaded Objects now: 2360.
Total: 2.152100 ms (FindLiveObjects: 0.215500 ms CreateObjectMapping: 0.040900 ms MarkObjects: 1.879600 ms  DeleteObjects: 0.014900 ms)

========================================================================
Received Prepare
Refreshing native plugins compatible for Editor in 2.98 ms, found 1 plugins.
Preloading 0 native plugins for Editor in 0.00 ms.
Unloading 10 Unused Serialized files (Serialized files now loaded: 0)
System memory in use before: 51.6 MB.
System memory in use after: 51.7 MB.

Unloading 10 unused Assets to reduce memory usage. Loaded Objects now: 2360.
Total: 2.048100 ms (FindLiveObjects: 0.214100 ms CreateObjectMapping: 0.043200 ms MarkObjects: 1.774700 ms  DeleteObjects: 0.015300 ms)

========================================================================
Received Prepare
Registering precompiled user dll's ...
Registered in 0.002223 seconds.
Begin MonoManager ReloadAssembly
Native extension for WindowsStandalone target not found
Refreshing native plugins compatible for Editor in 0.44 ms, found 1 plugins.
Preloading 0 native plugins for Editor in 0.00 ms.
Mono: successfully reloaded assembly
- Completed reload, in  0.735 seconds
Platform modules already initialized, skipping
Refreshing native plugins compatible for Editor in 0.45 ms, found 1 plugins.
Preloading 0 native plugins for Editor in 0.00 ms.
Unloading 1850 Unused Serialized files (Serialized files now loaded: 0)
System memory in use before: 88.1 MB.
System memory in use after: 88.2 MB.

Unloading 13 unused Assets to reduce memory usage. Loaded Objects now: 2363.
Total: 1.979700 ms (FindLiveObjects: 0.192100 ms CreateObjectMapping: 0.040400 ms MarkObjects: 1.728100 ms  DeleteObjects: 0.018000 ms)

========================================================================
Received Prepare
Refreshing native plugins compatible for Editor in 2.11 ms, found 1 plugins.
Preloading 0 native plugins for Editor in 0.00 ms.
Unloading 10 Unused Serialized files (Serialized files now loaded: 0)
System memory in use before: 51.6 MB.
System memory in use after: 51.7 MB.

Unloading 10 unused Assets to reduce memory usage. Loaded Objects now: 2363.
Total: 2.162500 ms (FindLiveObjects: 0.189600 ms CreateObjectMapping: 0.041300 ms MarkObjects: 1.913700 ms  DeleteObjects: 0.016600 ms)

========================================================================
Received Prepare
Refreshing native plugins compatible for Editor in 1.99 ms, found 1 plugins.
Preloading 0 native plugins for Editor in 0.00 ms.
Unloading 10 Unused Serialized files (Serialized files now loaded: 0)
System memory in use before: 51.6 MB.
System memory in use after: 51.7 MB.

Unloading 10 unused Assets to reduce memory usage. Loaded Objects now: 2363.
Total: 2.003100 ms (FindLiveObjects: 0.222200 ms CreateObjectMapping: 0.038800 ms MarkObjects: 1.726800 ms  DeleteObjects: 0.014600 ms)

========================================================================
Received Prepare
Refreshing native plugins compatible for Editor in 2.06 ms, found 1 plugins.
Preloading 0 native plugins for Editor in 0.00 ms.
Unloading 10 Unused Serialized files (Serialized files now loaded: 0)
System memory in use before: 51.6 MB.
System memory in use after: 51.7 MB.

Unloading 10 unused Assets to reduce memory usage. Loaded Objects now: 2363.
Total: 2.128300 ms (FindLiveObjects: 0.193300 ms CreateObjectMapping: 0.045200 ms MarkObjects: 1.872500 ms  DeleteObjects: 0.016100 ms)

AssetImportWorkerClient::OnTransportError - code=2 error=End of file
